Arguments: 
  /Users/NJHRFilms/.nvs/node/8.11.3/x64/bin/node /usr/local/Cellar/yarn/1.5.1_1/libexec/bin/yarn.js run watch

PATH: 
  /Users/NJHRFilms/.nvs/default/bin:/Users/NJHRFilms/bin:/usr/local/bin:/Users/NJHRFilms/.yarn/bin:/Users/NJHRFilms/Library/Python/2.7/bin:/usr/local/bin:/usr/bin:/bin:/usr/sbin:/sbin:/opt/X11/bin

Yarn version: 
  1.5.1

Node version: 
  8.11.3

Platform: 
  darwin x64

npm manifest: 
  {
    "name": "davidmatas",
    "version": "0.0.0",
    "description": "",
    "main": "index.js",
    "scripts": {
      "css": "node-sass scss/style.scss dist/css/style.css",
      "watch": "npm run css -- -w & browser-sync start --server dist --files \"**/*.css, **/*.html\""
    },
    "author": "",
    "license": "ISC",
    "devDependencies": {
      "browser-sync": "^2.11.0",
      "node-sass": "^3.4.2"
    }
  }

yarn manifest: 
  No manifest

Lockfile: 
  No lockfile

Trace: 
  Error: Command failed.
  Exit code: 127
  Command: sh
  Arguments: -c npm run css -- -w & browser-sync start --server dist --files "**/*.css, **/*.html"
  Directory: /Users/NJHRFilms/Documents/FCC/browsersync-boilerplate-master
  Output:
  
      at ProcessTermError.MessageError (/usr/local/Cellar/yarn/1.5.1_1/libexec/lib/cli.js:186:110)
      at new ProcessTermError (/usr/local/Cellar/yarn/1.5.1_1/libexec/lib/cli.js:226:113)
      at ChildProcess.<anonymous> (/usr/local/Cellar/yarn/1.5.1_1/libexec/lib/cli.js:30281:17)
      at emitTwo (events.js:126:13)
      at ChildProcess.emit (events.js:214:7)
      at maybeClose (internal/child_process.js:925:16)
      at Process.ChildProcess._handle.onexit (internal/child_process.js:209:5)
